  TG.cpp
  tetgen.cxx
c:\users\administrator\documents\github\3d-program\tg\tetgen.cxx(202): warning C4996: 'strcpy': This function or variable may be unsafe. Consider using strcpy_s instead. To disable deprecation, use _CRT_SECURE_NO_WARNINGS. See online help for details.
  c:\program files (x86)\windows kits\10\include\10.0.10240.0\ucrt\string.h(119): note: 参见“strcpy”的声明
c:\users\administrator\documents\github\3d-program\tg\tetgen.cxx(203): warning C4996: 'strcat': This function or variable may be unsafe. Consider using strcat_s instead. To disable deprecation, use _CRT_SECURE_NO_WARNINGS. See online help for details.
  c:\program files (x86)\windows kits\10\include\10.0.10240.0\ucrt\string.h(90): note: 参见“strcat”的声明
c:\users\administrator\documents\github\3d-program\tg\tetgen.cxx(206): warning C4996: 'fopen': This function or variable may be unsafe. Consider using fopen_s instead. To disable deprecation, use _CRT_SECURE_NO_WARNINGS. See online help for details.
  c:\program files (x86)\windows kits\10\include\10.0.10240.0\ucrt\stdio.h(205): note: 参见“fopen”的声明
c:\users\administrator\documents\github\3d-program\tg\tetgen.cxx(279): warning C4996: 'strcpy': This function or variable may be unsafe. Consider using strcpy_s instead. To disable deprecation, use _CRT_SECURE_NO_WARNINGS. See online help for details.
  c:\program files (x86)\windows kits\10\include\10.0.10240.0\ucrt\string.h(119): note: 参见“strcpy”的声明
c:\users\administrator\documents\github\3d-program\tg\tetgen.cxx(280): warning C4996: 'strcat': This function or variable may be unsafe. Consider using strcat_s instead. To disable deprecation, use _CRT_SECURE_NO_WARNINGS. See online help for details.
  c:\program files (x86)\windows kits\10\include\10.0.10240.0\ucrt\string.h(90): note: 参见“strcat”的声明
c:\users\administrator\documents\github\3d-program\tg\tetgen.cxx(282): warning C4996: 'fopen': This function or variable may be unsafe. Consider using fopen_s instead. To disable deprecation, use _CRT_SECURE_NO_WARNINGS. See online help for details.
  c:\program files (x86)\windows kits\10\include\10.0.10240.0\ucrt\stdio.h(205): note: 参见“fopen”的声明
c:\users\administrator\documents\github\3d-program\tg\tetgen.cxx(361): warning C4996: 'strcpy': This function or variable may be unsafe. Consider using strcpy_s instead. To disable deprecation, use _CRT_SECURE_NO_WARNINGS. See online help for details.
  c:\program files (x86)\windows kits\10\include\10.0.10240.0\ucrt\string.h(119): note: 参见“strcpy”的声明
c:\users\administrator\documents\github\3d-program\tg\tetgen.cxx(362): warning C4996: 'strcat': This function or variable may be unsafe. Consider using strcat_s instead. To disable deprecation, use _CRT_SECURE_NO_WARNINGS. See online help for details.
  c:\program files (x86)\windows kits\10\include\10.0.10240.0\ucrt\string.h(90): note: 参见“strcat”的声明
c:\users\administrator\documents\github\3d-program\tg\tetgen.cxx(364): warning C4996: 'fopen': This function or variable may be unsafe. Consider using fopen_s instead. To disable deprecation, use _CRT_SECURE_NO_WARNINGS. See online help for details.
  c:\program files (x86)\windows kits\10\include\10.0.10240.0\ucrt\stdio.h(205): note: 参见“fopen”的声明
c:\users\administrator\documents\github\3d-program\tg\tetgen.cxx(457): warning C4996: 'strcpy': This function or variable may be unsafe. Consider using strcpy_s instead. To disable deprecation, use _CRT_SECURE_NO_WARNINGS. See online help for details.
  c:\program files (x86)\windows kits\10\include\10.0.10240.0\ucrt\string.h(119): note: 参见“strcpy”的声明
c:\users\administrator\documents\github\3d-program\tg\tetgen.cxx(458): warning C4996: 'strcat': This function or variable may be unsafe. Consider using strcat_s instead. To disable deprecation, use _CRT_SECURE_NO_WARNINGS. See online help for details.
  c:\program files (x86)\windows kits\10\include\10.0.10240.0\ucrt\string.h(90): note: 参见“strcat”的声明
c:\users\administrator\documents\github\3d-program\tg\tetgen.cxx(460): warning C4996: 'fopen': This function or variable may be unsafe. Consider using fopen_s instead. To disable deprecation, use _CRT_SECURE_NO_WARNINGS. See online help for details.
  c:\program files (x86)\windows kits\10\include\10.0.10240.0\ucrt\stdio.h(205): note: 参见“fopen”的声明
c:\users\administrator\documents\github\3d-program\tg\tetgen.cxx(564): warning C4996: 'strcpy': This function or variable may be unsafe. Consider using strcpy_s instead. To disable deprecation, use _CRT_SECURE_NO_WARNINGS. See online help for details.
  c:\program files (x86)\windows kits\10\include\10.0.10240.0\ucrt\string.h(119): note: 参见“strcpy”的声明
c:\users\administrator\documents\github\3d-program\tg\tetgen.cxx(565): warning C4996: 'strcat': This function or variable may be unsafe. Consider using strcat_s instead. To disable deprecation, use _CRT_SECURE_NO_WARNINGS. See online help for details.
  c:\program files (x86)\windows kits\10\include\10.0.10240.0\ucrt\string.h(90): note: 参见“strcat”的声明
c:\users\administrator\documents\github\3d-program\tg\tetgen.cxx(567): warning C4996: 'fopen': This function or variable may be unsafe. Consider using fopen_s instead. To disable deprecation, use _CRT_SECURE_NO_WARNINGS. See online help for details.
  c:\program files (x86)\windows kits\10\include\10.0.10240.0\ucrt\stdio.h(205): note: 参见“fopen”的声明
c:\users\administrator\documents\github\3d-program\tg\tetgen.cxx(578): warning C4996: 'strcpy': This function or variable may be unsafe. Consider using strcpy_s instead. To disable deprecation, use _CRT_SECURE_NO_WARNINGS. See online help for details.
  c:\program files (x86)\windows kits\10\include\10.0.10240.0\ucrt\string.h(119): note: 参见“strcpy”的声明
c:\users\administrator\documents\github\3d-program\tg\tetgen.cxx(579): warning C4996: 'strcat': This function or variable may be unsafe. Consider using strcat_s instead. To disable deprecation, use _CRT_SECURE_NO_WARNINGS. See online help for details.
  c:\program files (x86)\windows kits\10\include\10.0.10240.0\ucrt\string.h(90): note: 参见“strcat”的声明
c:\users\administrator\documents\github\3d-program\tg\tetgen.cxx(625): warning C4996: 'strcpy': This function or variable may be unsafe. Consider using strcpy_s instead. To disable deprecation, use _CRT_SECURE_NO_WARNINGS. See online help for details.
  c:\program files (x86)\windows kits\10\include\10.0.10240.0\ucrt\string.h(119): note: 参见“strcpy”的声明
c:\users\administrator\documents\github\3d-program\tg\tetgen.cxx(626): warning C4996: 'strcat': This function or variable may be unsafe. Consider using strcat_s instead. To disable deprecation, use _CRT_SECURE_NO_WARNINGS. See online help for details.
  c:\program files (x86)\windows kits\10\include\10.0.10240.0\ucrt\string.h(90): note: 参见“strcat”的声明
c:\users\administrator\documents\github\3d-program\tg\tetgen.cxx(627): warning C4996: 'fopen': This function or variable may be unsafe. Consider using fopen_s instead. To disable deprecation, use _CRT_SECURE_NO_WARNINGS. See online help for details.
  c:\program files (x86)\windows kits\10\include\10.0.10240.0\ucrt\stdio.h(205): note: 参见“fopen”的声明
c:\users\administrator\documents\github\3d-program\tg\tetgen.cxx(747): warning C4996: 'strcpy': This function or variable may be unsafe. Consider using strcpy_s instead. To disable deprecation, use _CRT_SECURE_NO_WARNINGS. See online help for details.
  c:\program files (x86)\windows kits\10\include\10.0.10240.0\ucrt\string.h(119): note: 参见“strcpy”的声明
c:\users\administrator\documents\github\3d-program\tg\tetgen.cxx(748): warning C4996: 'strcat': This function or variable may be unsafe. Consider using strcat_s instead. To disable deprecation, use _CRT_SECURE_NO_WARNINGS. See online help for details.
  c:\program files (x86)\windows kits\10\include\10.0.10240.0\ucrt\string.h(90): note: 参见“strcat”的声明
c:\users\administrator\documents\github\3d-program\tg\tetgen.cxx(749): warning C4996: 'fopen': This function or variable may be unsafe. Consider using fopen_s instead. To disable deprecation, use _CRT_SECURE_NO_WARNINGS. See online help for details.
  c:\program files (x86)\windows kits\10\include\10.0.10240.0\ucrt\stdio.h(205): note: 参见“fopen”的声明
c:\users\administrator\documents\github\3d-program\tg\tetgen.cxx(821): warning C4996: 'strcpy': This function or variable may be unsafe. Consider using strcpy_s instead. To disable deprecation, use _CRT_SECURE_NO_WARNINGS. See online help for details.
  c:\program files (x86)\windows kits\10\include\10.0.10240.0\ucrt\string.h(119): note: 参见“strcpy”的声明
c:\users\administrator\documents\github\3d-program\tg\tetgen.cxx(822): warning C4996: 'strcpy': This function or variable may be unsafe. Consider using strcpy_s instead. To disable deprecation, use _CRT_SECURE_NO_WARNINGS. See online help for details.
  c:\program files (x86)\windows kits\10\include\10.0.10240.0\ucrt\string.h(119): note: 参见“strcpy”的声明
c:\users\administrator\documents\github\3d-program\tg\tetgen.cxx(823): warning C4996: 'strcat': This function or variable may be unsafe. Consider using strcat_s instead. To disable deprecation, use _CRT_SECURE_NO_WARNINGS. See online help for details.
  c:\program files (x86)\windows kits\10\include\10.0.10240.0\ucrt\string.h(90): note: 参见“strcat”的声明
c:\users\administrator\documents\github\3d-program\tg\tetgen.cxx(824): warning C4996: 'strcat': This function or variable may be unsafe. Consider using strcat_s instead. To disable deprecation, use _CRT_SECURE_NO_WARNINGS. See online help for details.
  c:\program files (x86)\windows kits\10\include\10.0.10240.0\ucrt\string.h(90): note: 参见“strcat”的声明
c:\users\administrator\documents\github\3d-program\tg\tetgen.cxx(829): warning C4996: 'fopen': This function or variable may be unsafe. Consider using fopen_s instead. To disable deprecation, use _CRT_SECURE_NO_WARNINGS. See online help for details.
  c:\program files (x86)\windows kits\10\include\10.0.10240.0\ucrt\stdio.h(205): note: 参见“fopen”的声明
c:\users\administrator\documents\github\3d-program\tg\tetgen.cxx(832): warning C4996: 'fopen': This function or variable may be unsafe. Consider using fopen_s instead. To disable deprecation, use _CRT_SECURE_NO_WARNINGS. See online help for details.
  c:\program files (x86)\windows kits\10\include\10.0.10240.0\ucrt\stdio.h(205): note: 参见“fopen”的声明
c:\users\administrator\documents\github\3d-program\tg\tetgen.cxx(1231): warning C4996: 'strncpy': This function or variable may be unsafe. Consider using strncpy_s instead. To disable deprecation, use _CRT_SECURE_NO_WARNINGS. See online help for details.
  c:\program files (x86)\windows kits\10\include\10.0.10240.0\ucrt\string.h(346): note: 参见“strncpy”的声明
c:\users\administrator\documents\github\3d-program\tg\tetgen.cxx(1238): warning C4996: 'strcat': This function or variable may be unsafe. Consider using strcat_s instead. To disable deprecation, use _CRT_SECURE_NO_WARNINGS. See online help for details.
  c:\program files (x86)\windows kits\10\include\10.0.10240.0\ucrt\string.h(90): note: 参见“strcat”的声明
c:\users\administrator\documents\github\3d-program\tg\tetgen.cxx(1241): warning C4996: 'fopen': This function or variable may be unsafe. Consider using fopen_s instead. To disable deprecation, use _CRT_SECURE_NO_WARNINGS. See online help for details.
  c:\program files (x86)\windows kits\10\include\10.0.10240.0\ucrt\stdio.h(205): note: 参见“fopen”的声明
c:\users\administrator\documents\github\3d-program\tg\tetgen.cxx(1259): warning C4996: 'sscanf': This function or variable may be unsafe. Consider using sscanf_s instead. To disable deprecation, use _CRT_SECURE_NO_WARNINGS. See online help for details.
  c:\program files (x86)\windows kits\10\include\10.0.10240.0\ucrt\stdio.h(2254): note: 参见“sscanf”的声明
c:\users\administrator\documents\github\3d-program\tg\tetgen.cxx(1393): warning C4996: 'strncpy': This function or variable may be unsafe. Consider using strncpy_s instead. To disable deprecation, use _CRT_SECURE_NO_WARNINGS. See online help for details.
  c:\program files (x86)\windows kits\10\include\10.0.10240.0\ucrt\string.h(346): note: 参见“strncpy”的声明
c:\users\administrator\documents\github\3d-program\tg\tetgen.cxx(1400): warning C4996: 'strcat': This function or variable may be unsafe. Consider using strcat_s instead. To disable deprecation, use _CRT_SECURE_NO_WARNINGS. See online help for details.
  c:\program files (x86)\windows kits\10\include\10.0.10240.0\ucrt\string.h(90): note: 参见“strcat”的声明
c:\users\administrator\documents\github\3d-program\tg\tetgen.cxx(1403): warning C4996: 'fopen': This function or variable may be unsafe. Consider using fopen_s instead. To disable deprecation, use _CRT_SECURE_NO_WARNINGS. See online help for details.
  c:\program files (x86)\windows kits\10\include\10.0.10240.0\ucrt\stdio.h(205): note: 参见“fopen”的声明
c:\users\administrator\documents\github\3d-program\tg\tetgen.cxx(1609): warning C4996: 'strncpy': This function or variable may be unsafe. Consider using strncpy_s instead. To disable deprecation, use _CRT_SECURE_NO_WARNINGS. See online help for details.
  c:\program files (x86)\windows kits\10\include\10.0.10240.0\ucrt\string.h(346): note: 参见“strncpy”的声明
c:\users\administrator\documents\github\3d-program\tg\tetgen.cxx(1616): warning C4996: 'strcat': This function or variable may be unsafe. Consider using strcat_s instead. To disable deprecation, use _CRT_SECURE_NO_WARNINGS. See online help for details.
  c:\program files (x86)\windows kits\10\include\10.0.10240.0\ucrt\string.h(90): note: 参见“strcat”的声明
c:\users\administrator\documents\github\3d-program\tg\tetgen.cxx(1619): warning C4996: 'fopen': This function or variable may be unsafe. Consider using fopen_s instead. To disable deprecation, use _CRT_SECURE_NO_WARNINGS. See online help for details.
  c:\program files (x86)\windows kits\10\include\10.0.10240.0\ucrt\stdio.h(205): note: 参见“fopen”的声明
c:\users\administrator\documents\github\3d-program\tg\tetgen.cxx(1742): warning C4996: 'strncpy': This function or variable may be unsafe. Consider using strncpy_s instead. To disable deprecation, use _CRT_SECURE_NO_WARNINGS. See online help for details.
  c:\program files (x86)\windows kits\10\include\10.0.10240.0\ucrt\string.h(346): note: 参见“strncpy”的声明
c:\users\administrator\documents\github\3d-program\tg\tetgen.cxx(1749): warning C4996: 'strcat': This function or variable may be unsafe. Consider using strcat_s instead. To disable deprecation, use _CRT_SECURE_NO_WARNINGS. See online help for details.
  c:\program files (x86)\windows kits\10\include\10.0.10240.0\ucrt\string.h(90): note: 参见“strcat”的声明
c:\users\administrator\documents\github\3d-program\tg\tetgen.cxx(1752): warning C4996: 'fopen': This function or variable may be unsafe. Consider using fopen_s instead. To disable deprecation, use _CRT_SECURE_NO_WARNINGS. See online help for details.
  c:\program files (x86)\windows kits\10\include\10.0.10240.0\ucrt\stdio.h(205): note: 参见“fopen”的声明
c:\users\administrator\documents\github\3d-program\tg\tetgen.cxx(2103): warning C4996: 'strncpy': This function or variable may be unsafe. Consider using strncpy_s instead. To disable deprecation, use _CRT_SECURE_NO_WARNINGS. See online help for details.
  c:\program files (x86)\windows kits\10\include\10.0.10240.0\ucrt\string.h(346): note: 参见“strncpy”的声明
c:\users\administrator\documents\github\3d-program\tg\tetgen.cxx(2110): warning C4996: 'strcat': This function or variable may be unsafe. Consider using strcat_s instead. To disable deprecation, use _CRT_SECURE_NO_WARNINGS. See online help for details.
  c:\program files (x86)\windows kits\10\include\10.0.10240.0\ucrt\string.h(90): note: 参见“strcat”的声明
c:\users\administrator\documents\github\3d-program\tg\tetgen.cxx(2112): warning C4996: 'fopen': This function or variable may be unsafe. Consider using fopen_s instead. To disable deprecation, use _CRT_SECURE_NO_WARNINGS. See online help for details.
  c:\program files (x86)\windows kits\10\include\10.0.10240.0\ucrt\stdio.h(205): note: 参见“fopen”的声明
c:\users\administrator\documents\github\3d-program\tg\tetgen.cxx(2120): warning C4996: 'strcpy': This function or variable may be unsafe. Consider using strcpy_s instead. To disable deprecation, use _CRT_SECURE_NO_WARNINGS. See online help for details.
  c:\program files (x86)\windows kits\10\include\10.0.10240.0\ucrt\string.h(119): note: 参见“strcpy”的声明
c:\users\administrator\documents\github\3d-program\tg\tetgen.cxx(2128): warning C4996: 'sscanf': This function or variable may be unsafe. Consider using sscanf_s instead. To disable deprecation, use _CRT_SECURE_NO_WARNINGS. See online help for details.
  c:\program files (x86)\windows kits\10\include\10.0.10240.0\ucrt\stdio.h(2254): note: 参见“sscanf”的声明
c:\users\administrator\documents\github\3d-program\tg\tetgen.cxx(2130): warning C4996: 'strcpy': This function or variable may be unsafe. Consider using strcpy_s instead. To disable deprecation, use _CRT_SECURE_NO_WARNINGS. See online help for details.
  c:\program files (x86)\windows kits\10\include\10.0.10240.0\ucrt\string.h(119): note: 参见“strcpy”的声明
c:\users\administrator\documents\github\3d-program\tg\tetgen.cxx(2134): warning C4996: 'sscanf': This function or variable may be unsafe. Consider using sscanf_s instead. To disable deprecation, use _CRT_SECURE_NO_WARNINGS. See online help for details.
  c:\program files (x86)\windows kits\10\include\10.0.10240.0\ucrt\stdio.h(2254): note: 参见“sscanf”的声明
c:\users\administrator\documents\github\3d-program\tg\tetgen.cxx(2197): warning C4996: 'sscanf': This function or variable may be unsafe. Consider using sscanf_s instead. To disable deprecation, use _CRT_SECURE_NO_WARNINGS. See online help for details.
  c:\program files (x86)\windows kits\10\include\10.0.10240.0\ucrt\stdio.h(2254): note: 参见“sscanf”的声明
c:\users\administrator\documents\github\3d-program\tg\tetgen.cxx(2404): warning C4996: 'sprintf': This function or variable may be unsafe. Consider using sprintf_s instead. To disable deprecation, use _CRT_SECURE_NO_WARNINGS. See online help for details.
  c:\program files (x86)\windows kits\10\include\10.0.10240.0\ucrt\stdio.h(1769): note: 参见“sprintf”的声明
c:\users\administrator\documents\github\3d-program\tg\tetgen.cxx(2406): warning C4996: 'fopen': This function or variable may be unsafe. Consider using fopen_s instead. To disable deprecation, use _CRT_SECURE_NO_WARNINGS. See online help for details.
  c:\program files (x86)\windows kits\10\include\10.0.10240.0\ucrt\stdio.h(205): note: 参见“fopen”的声明
c:\users\administrator\documents\github\3d-program\tg\tetgen.cxx(2430): warning C4996: 'sprintf': This function or variable may be unsafe. Consider using sprintf_s instead. To disable deprecation, use _CRT_SECURE_NO_WARNINGS. See online help for details.
  c:\program files (x86)\windows kits\10\include\10.0.10240.0\ucrt\stdio.h(1769): note: 参见“sprintf”的声明
c:\users\administrator\documents\github\3d-program\tg\tetgen.cxx(2432): warning C4996: 'fopen': This function or variable may be unsafe. Consider using fopen_s instead. To disable deprecation, use _CRT_SECURE_NO_WARNINGS. See online help for details.
  c:\program files (x86)\windows kits\10\include\10.0.10240.0\ucrt\stdio.h(205): note: 参见“fopen”的声明
c:\users\administrator\documents\github\3d-program\tg\tetgen.cxx(2456): warning C4996: 'sprintf': This function or variable may be unsafe. Consider using sprintf_s instead. To disable deprecation, use _CRT_SECURE_NO_WARNINGS. See online help for details.
  c:\program files (x86)\windows kits\10\include\10.0.10240.0\ucrt\stdio.h(1769): note: 参见“sprintf”的声明
c:\users\administrator\documents\github\3d-program\tg\tetgen.cxx(2458): warning C4996: 'fopen': This function or variable may be unsafe. Consider using fopen_s instead. To disable deprecation, use _CRT_SECURE_NO_WARNINGS. See online help for details.
  c:\program files (x86)\windows kits\10\include\10.0.10240.0\ucrt\stdio.h(205): note: 参见“fopen”的声明
c:\users\administrator\documents\github\3d-program\tg\tetgen.cxx(2503): warning C4996: 'sprintf': This function or variable may be unsafe. Consider using sprintf_s instead. To disable deprecation, use _CRT_SECURE_NO_WARNINGS. See online help for details.
  c:\program files (x86)\windows kits\10\include\10.0.10240.0\ucrt\stdio.h(1769): note: 参见“sprintf”的声明
c:\users\administrator\documents\github\3d-program\tg\tetgen.cxx(2505): warning C4996: 'fopen': This function or variable may be unsafe. Consider using fopen_s instead. To disable deprecation, use _CRT_SECURE_NO_WARNINGS. See online help for details.
  c:\program files (x86)\windows kits\10\include\10.0.10240.0\ucrt\stdio.h(205): note: 参见“fopen”的声明
c:\users\administrator\documents\github\3d-program\tg\tetgen.cxx(2532): warning C4996: 'sprintf': This function or variable may be unsafe. Consider using sprintf_s instead. To disable deprecation, use _CRT_SECURE_NO_WARNINGS. See online help for details.
  c:\program files (x86)\windows kits\10\include\10.0.10240.0\ucrt\stdio.h(1769): note: 参见“sprintf”的声明
c:\users\administrator\documents\github\3d-program\tg\tetgen.cxx(2534): warning C4996: 'fopen': This function or variable may be unsafe. Consider using fopen_s instead. To disable deprecation, use _CRT_SECURE_NO_WARNINGS. See online help for details.
  c:\program files (x86)\windows kits\10\include\10.0.10240.0\ucrt\stdio.h(205): note: 参见“fopen”的声明
c:\users\administrator\documents\github\3d-program\tg\tetgen.cxx(2560): warning C4996: 'sprintf': This function or variable may be unsafe. Consider using sprintf_s instead. To disable deprecation, use _CRT_SECURE_NO_WARNINGS. See online help for details.
  c:\program files (x86)\windows kits\10\include\10.0.10240.0\ucrt\stdio.h(1769): note: 参见“sprintf”的声明
c:\users\administrator\documents\github\3d-program\tg\tetgen.cxx(2562): warning C4996: 'fopen': This function or variable may be unsafe. Consider using fopen_s instead. To disable deprecation, use _CRT_SECURE_NO_WARNINGS. See online help for details.
  c:\program files (x86)\windows kits\10\include\10.0.10240.0\ucrt\stdio.h(205): note: 参见“fopen”的声明
c:\users\administrator\documents\github\3d-program\tg\tetgen.cxx(2595): warning C4996: 'sprintf': This function or variable may be unsafe. Consider using sprintf_s instead. To disable deprecation, use _CRT_SECURE_NO_WARNINGS. See online help for details.
  c:\program files (x86)\windows kits\10\include\10.0.10240.0\ucrt\stdio.h(1769): note: 参见“sprintf”的声明
c:\users\administrator\documents\github\3d-program\tg\tetgen.cxx(2597): warning C4996: 'fopen': This function or variable may be unsafe. Consider using fopen_s instead. To disable deprecation, use _CRT_SECURE_NO_WARNINGS. See online help for details.
  c:\program files (x86)\windows kits\10\include\10.0.10240.0\ucrt\stdio.h(205): note: 参见“fopen”的声明
c:\users\administrator\documents\github\3d-program\tg\tetgen.cxx(2693): warning C4996: 'sprintf': This function or variable may be unsafe. Consider using sprintf_s instead. To disable deprecation, use _CRT_SECURE_NO_WARNINGS. See online help for details.
  c:\program files (x86)\windows kits\10\include\10.0.10240.0\ucrt\stdio.h(1769): note: 参见“sprintf”的声明
c:\users\administrator\documents\github\3d-program\tg\tetgen.cxx(2695): warning C4996: 'fopen': This function or variable may be unsafe. Consider using fopen_s instead. To disable deprecation, use _CRT_SECURE_NO_WARNINGS. See online help for details.
  c:\program files (x86)\windows kits\10\include\10.0.10240.0\ucrt\stdio.h(205): note: 参见“fopen”的声明
c:\users\administrator\documents\github\3d-program\tg\tetgen.cxx(3188): warning C4244: “=”: 从“double”转换到“int”，可能丢失数据
c:\users\administrator\documents\github\3d-program\tg\tetgen.cxx(2988): warning C4996: 'strcpy': This function or variable may be unsafe. Consider using strcpy_s instead. To disable deprecation, use _CRT_SECURE_NO_WARNINGS. See online help for details.
  c:\program files (x86)\windows kits\10\include\10.0.10240.0\ucrt\string.h(119): note: 参见“strcpy”的声明
c:\users\administrator\documents\github\3d-program\tg\tetgen.cxx(2989): warning C4996: 'strcat': This function or variable may be unsafe. Consider using strcat_s instead. To disable deprecation, use _CRT_SECURE_NO_WARNINGS. See online help for details.
  c:\program files (x86)\windows kits\10\include\10.0.10240.0\ucrt\string.h(90): note: 参见“strcat”的声明
c:\users\administrator\documents\github\3d-program\tg\tetgen.cxx(2994): warning C4996: 'strcat': This function or variable may be unsafe. Consider using strcat_s instead. To disable deprecation, use _CRT_SECURE_NO_WARNINGS. See online help for details.
  c:\program files (x86)\windows kits\10\include\10.0.10240.0\ucrt\string.h(90): note: 参见“strcat”的声明
c:\users\administrator\documents\github\3d-program\tg\tetgen.cxx(2995): warning C4996: 'strcat': This function or variable may be unsafe. Consider using strcat_s instead. To disable deprecation, use _CRT_SECURE_NO_WARNINGS. See online help for details.
  c:\program files (x86)\windows kits\10\include\10.0.10240.0\ucrt\string.h(90): note: 参见“strcat”的声明
c:\users\administrator\documents\github\3d-program\tg\tetgen.cxx(2999): warning C4996: 'strncpy': This function or variable may be unsafe. Consider using strncpy_s instead. To disable deprecation, use _CRT_SECURE_NO_WARNINGS. See online help for details.
  c:\program files (x86)\windows kits\10\include\10.0.10240.0\ucrt\string.h(346): note: 参见“strncpy”的声明
c:\users\administrator\documents\github\3d-program\tg\tetgen.cxx(3384): warning C4996: 'strcpy': This function or variable may be unsafe. Consider using strcpy_s instead. To disable deprecation, use _CRT_SECURE_NO_WARNINGS. See online help for details.
  c:\program files (x86)\windows kits\10\include\10.0.10240.0\ucrt\string.h(119): note: 参见“strcpy”的声明
c:\users\administrator\documents\github\3d-program\tg\tetgen.cxx(3501): warning C4996: 'strcpy': This function or variable may be unsafe. Consider using strcpy_s instead. To disable deprecation, use _CRT_SECURE_NO_WARNINGS. See online help for details.
  c:\program files (x86)\windows kits\10\include\10.0.10240.0\ucrt\string.h(119): note: 参见“strcpy”的声明
c:\users\administrator\documents\github\3d-program\tg\tetgen.cxx(3522): warning C4996: 'strcpy': This function or variable may be unsafe. Consider using strcpy_s instead. To disable deprecation, use _CRT_SECURE_NO_WARNINGS. See online help for details.
  c:\program files (x86)\windows kits\10\include\10.0.10240.0\ucrt\string.h(119): note: 参见“strcpy”的声明
c:\users\administrator\documents\github\3d-program\tg\tetgen.cxx(3524): warning C4996: 'strcpy': This function or variable may be unsafe. Consider using strcpy_s instead. To disable deprecation, use _CRT_SECURE_NO_WARNINGS. See online help for details.
  c:\program files (x86)\windows kits\10\include\10.0.10240.0\ucrt\string.h(119): note: 参见“strcpy”的声明
c:\users\administrator\documents\github\3d-program\tg\tetgen.cxx(3525): warning C4996: 'strcat': This function or variable may be unsafe. Consider using strcat_s instead. To disable deprecation, use _CRT_SECURE_NO_WARNINGS. See online help for details.
  c:\program files (x86)\windows kits\10\include\10.0.10240.0\ucrt\string.h(90): note: 参见“strcat”的声明
c:\users\administrator\documents\github\3d-program\tg\tetgen.cxx(3530): warning C4996: 'sprintf': This function or variable may be unsafe. Consider using sprintf_s instead. To disable deprecation, use _CRT_SECURE_NO_WARNINGS. See online help for details.
  c:\program files (x86)\windows kits\10\include\10.0.10240.0\ucrt\stdio.h(1769): note: 参见“sprintf”的声明
c:\users\administrator\documents\github\3d-program\tg\tetgen.cxx(3533): warning C4996: 'strcpy': This function or variable may be unsafe. Consider using strcpy_s instead. To disable deprecation, use _CRT_SECURE_NO_WARNINGS. See online help for details.
  c:\program files (x86)\windows kits\10\include\10.0.10240.0\ucrt\string.h(119): note: 参见“strcpy”的声明
c:\users\administrator\documents\github\3d-program\tg\tetgen.cxx(3534): warning C4996: 'strcat': This function or variable may be unsafe. Consider using strcat_s instead. To disable deprecation, use _CRT_SECURE_NO_WARNINGS. See online help for details.
  c:\program files (x86)\windows kits\10\include\10.0.10240.0\ucrt\string.h(90): note: 参见“strcat”的声明
c:\users\administrator\documents\github\3d-program\tg\tetgen.cxx(3536): warning C4996: 'strcpy': This function or variable may be unsafe. Consider using strcpy_s instead. To disable deprecation, use _CRT_SECURE_NO_WARNINGS. See online help for details.
  c:\program files (x86)\windows kits\10\include\10.0.10240.0\ucrt\string.h(119): note: 参见“strcpy”的声明
c:\users\administrator\documents\github\3d-program\tg\tetgen.cxx(3537): warning C4996: 'strcat': This function or variable may be unsafe. Consider using strcat_s instead. To disable deprecation, use _CRT_SECURE_NO_WARNINGS. See online help for details.
  c:\program files (x86)\windows kits\10\include\10.0.10240.0\ucrt\string.h(90): note: 参见“strcat”的声明
c:\users\administrator\documents\github\3d-program\tg\tetgen.cxx(11144): warning C4244: “=”: 从“double”转换到“int”，可能丢失数据
c:\users\administrator\documents\github\3d-program\tg\tetgen.cxx(27296): warning C4477: “printf”: 格式字符串“%lx”需要类型“unsigned long”的参数，但可变参数 1 拥有了类型“uintptr_t”
  c:\users\administrator\documents\github\3d-program\tg\tetgen.cxx(27296): note: 请考虑在格式字符串中使用“%llx”
  c:\users\administrator\documents\github\3d-program\tg\tetgen.cxx(27296): note: 请考虑在格式字符串中使用“%Ix”
  c:\users\administrator\documents\github\3d-program\tg\tetgen.cxx(27296): note: 请考虑在格式字符串中使用“%I64x”
c:\users\administrator\documents\github\3d-program\tg\tetgen.cxx(27299): warning C4477: “printf”: 格式字符串“%lx”需要类型“unsigned long”的参数，但可变参数 1 拥有了类型“uintptr_t”
  c:\users\administrator\documents\github\3d-program\tg\tetgen.cxx(27299): note: 请考虑在格式字符串中使用“%llx”
  c:\users\administrator\documents\github\3d-program\tg\tetgen.cxx(27299): note: 请考虑在格式字符串中使用“%Ix”
  c:\users\administrator\documents\github\3d-program\tg\tetgen.cxx(27299): note: 请考虑在格式字符串中使用“%I64x”
c:\users\administrator\documents\github\3d-program\tg\tetgen.cxx(27307): warning C4477: “printf”: 格式字符串“%lx”需要类型“unsigned long”的参数，但可变参数 1 拥有了类型“uintptr_t”
  c:\users\administrator\documents\github\3d-program\tg\tetgen.cxx(27307): note: 请考虑在格式字符串中使用“%llx”
  c:\users\administrator\documents\github\3d-program\tg\tetgen.cxx(27307): note: 请考虑在格式字符串中使用“%Ix”
  c:\users\administrator\documents\github\3d-program\tg\tetgen.cxx(27307): note: 请考虑在格式字符串中使用“%I64x”
c:\users\administrator\documents\github\3d-program\tg\tetgen.cxx(27310): warning C4477: “printf”: 格式字符串“%lx”需要类型“unsigned long”的参数，但可变参数 1 拥有了类型“uintptr_t”
  c:\users\administrator\documents\github\3d-program\tg\tetgen.cxx(27310): note: 请考虑在格式字符串中使用“%llx”
  c:\users\administrator\documents\github\3d-program\tg\tetgen.cxx(27310): note: 请考虑在格式字符串中使用“%Ix”
  c:\users\administrator\documents\github\3d-program\tg\tetgen.cxx(27310): note: 请考虑在格式字符串中使用“%I64x”
c:\users\administrator\documents\github\3d-program\tg\tetgen.cxx(27319): warning C4477: “printf”: 格式字符串“%lx”需要类型“unsigned long”的参数，但可变参数 1 拥有了类型“uintptr_t”
  c:\users\administrator\documents\github\3d-program\tg\tetgen.cxx(27319): note: 请考虑在格式字符串中使用“%llx”
  c:\users\administrator\documents\github\3d-program\tg\tetgen.cxx(27319): note: 请考虑在格式字符串中使用“%Ix”
  c:\users\administrator\documents\github\3d-program\tg\tetgen.cxx(27319): note: 请考虑在格式字符串中使用“%I64x”
c:\users\administrator\documents\github\3d-program\tg\tetgen.cxx(27322): warning C4477: “printf”: 格式字符串“%lx”需要类型“unsigned long”的参数，但可变参数 1 拥有了类型“uintptr_t”
  c:\users\administrator\documents\github\3d-program\tg\tetgen.cxx(27322): note: 请考虑在格式字符串中使用“%llx”
  c:\users\administrator\documents\github\3d-program\tg\tetgen.cxx(27322): note: 请考虑在格式字符串中使用“%Ix”
  c:\users\administrator\documents\github\3d-program\tg\tetgen.cxx(27322): note: 请考虑在格式字符串中使用“%I64x”
c:\users\administrator\documents\github\3d-program\tg\tetgen.cxx(27336): warning C4477: “printf”: 格式字符串“%lx”需要类型“unsigned long”的参数，但可变参数 1 拥有了类型“uintptr_t”
  c:\users\administrator\documents\github\3d-program\tg\tetgen.cxx(27336): note: 请考虑在格式字符串中使用“%llx”
  c:\users\administrator\documents\github\3d-program\tg\tetgen.cxx(27336): note: 请考虑在格式字符串中使用“%Ix”
  c:\users\administrator\documents\github\3d-program\tg\tetgen.cxx(27336): note: 请考虑在格式字符串中使用“%I64x”
c:\users\administrator\documents\github\3d-program\tg\tetgen.cxx(27339): warning C4477: “printf”: 格式字符串“%lx”需要类型“unsigned long”的参数，但可变参数 1 拥有了类型“uintptr_t”
  c:\users\administrator\documents\github\3d-program\tg\tetgen.cxx(27339): note: 请考虑在格式字符串中使用“%llx”
  c:\users\administrator\documents\github\3d-program\tg\tetgen.cxx(27339): note: 请考虑在格式字符串中使用“%Ix”
  c:\users\administrator\documents\github\3d-program\tg\tetgen.cxx(27339): note: 请考虑在格式字符串中使用“%I64x”
c:\users\administrator\documents\github\3d-program\tg\tetgen.cxx(27345): warning C4477: “printf”: 格式字符串“%lx”需要类型“unsigned long”的参数，但可变参数 1 拥有了类型“uintptr_t”
  c:\users\administrator\documents\github\3d-program\tg\tetgen.cxx(27345): note: 请考虑在格式字符串中使用“%llx”
  c:\users\administrator\documents\github\3d-program\tg\tetgen.cxx(27345): note: 请考虑在格式字符串中使用“%Ix”
  c:\users\administrator\documents\github\3d-program\tg\tetgen.cxx(27345): note: 请考虑在格式字符串中使用“%I64x”
c:\users\administrator\documents\github\3d-program\tg\tetgen.cxx(27348): warning C4477: “printf”: 格式字符串“%lx”需要类型“unsigned long”的参数，但可变参数 1 拥有了类型“uintptr_t”
  c:\users\administrator\documents\github\3d-program\tg\tetgen.cxx(27348): note: 请考虑在格式字符串中使用“%llx”
  c:\users\administrator\documents\github\3d-program\tg\tetgen.cxx(27348): note: 请考虑在格式字符串中使用“%Ix”
  c:\users\administrator\documents\github\3d-program\tg\tetgen.cxx(27348): note: 请考虑在格式字符串中使用“%I64x”
c:\users\administrator\documents\github\3d-program\tg\tetgen.cxx(27362): warning C4477: “printf”: 格式字符串“%lx”需要类型“unsigned long”的参数，但可变参数 1 拥有了类型“uintptr_t”
  c:\users\administrator\documents\github\3d-program\tg\tetgen.cxx(27362): note: 请考虑在格式字符串中使用“%llx”
  c:\users\administrator\documents\github\3d-program\tg\tetgen.cxx(27362): note: 请考虑在格式字符串中使用“%Ix”
  c:\users\administrator\documents\github\3d-program\tg\tetgen.cxx(27362): note: 请考虑在格式字符串中使用“%I64x”
c:\users\administrator\documents\github\3d-program\tg\tetgen.cxx(27365): warning C4477: “printf”: 格式字符串“%lx”需要类型“unsigned long”的参数，但可变参数 1 拥有了类型“uintptr_t”
  c:\users\administrator\documents\github\3d-program\tg\tetgen.cxx(27365): note: 请考虑在格式字符串中使用“%llx”
  c:\users\administrator\documents\github\3d-program\tg\tetgen.cxx(27365): note: 请考虑在格式字符串中使用“%Ix”
  c:\users\administrator\documents\github\3d-program\tg\tetgen.cxx(27365): note: 请考虑在格式字符串中使用“%I64x”
c:\users\administrator\documents\github\3d-program\tg\tetgen.cxx(27371): warning C4477: “printf”: 格式字符串“%lx”需要类型“unsigned long”的参数，但可变参数 1 拥有了类型“uintptr_t”
  c:\users\administrator\documents\github\3d-program\tg\tetgen.cxx(27371): note: 请考虑在格式字符串中使用“%llx”
  c:\users\administrator\documents\github\3d-program\tg\tetgen.cxx(27371): note: 请考虑在格式字符串中使用“%Ix”
  c:\users\administrator\documents\github\3d-program\tg\tetgen.cxx(27371): note: 请考虑在格式字符串中使用“%I64x”
c:\users\administrator\documents\github\3d-program\tg\tetgen.cxx(27374): warning C4477: “printf”: 格式字符串“%lx”需要类型“unsigned long”的参数，但可变参数 1 拥有了类型“uintptr_t”
  c:\users\administrator\documents\github\3d-program\tg\tetgen.cxx(27374): note: 请考虑在格式字符串中使用“%llx”
  c:\users\administrator\documents\github\3d-program\tg\tetgen.cxx(27374): note: 请考虑在格式字符串中使用“%Ix”
  c:\users\administrator\documents\github\3d-program\tg\tetgen.cxx(27374): note: 请考虑在格式字符串中使用“%I64x”
c:\users\administrator\documents\github\3d-program\tg\tetgen.cxx(27384): warning C4477: “printf”: 格式字符串“%lx”需要类型“unsigned long”的参数，但可变参数 1 拥有了类型“uintptr_t”
  c:\users\administrator\documents\github\3d-program\tg\tetgen.cxx(27384): note: 请考虑在格式字符串中使用“%llx”
  c:\users\administrator\documents\github\3d-program\tg\tetgen.cxx(27384): note: 请考虑在格式字符串中使用“%Ix”
  c:\users\administrator\documents\github\3d-program\tg\tetgen.cxx(27384): note: 请考虑在格式字符串中使用“%I64x”
c:\users\administrator\documents\github\3d-program\tg\tetgen.cxx(27387): warning C4477: “printf”: 格式字符串“%lx”需要类型“unsigned long”的参数，但可变参数 1 拥有了类型“uintptr_t”
  c:\users\administrator\documents\github\3d-program\tg\tetgen.cxx(27387): note: 请考虑在格式字符串中使用“%llx”
  c:\users\administrator\documents\github\3d-program\tg\tetgen.cxx(27387): note: 请考虑在格式字符串中使用“%Ix”
  c:\users\administrator\documents\github\3d-program\tg\tetgen.cxx(27387): note: 请考虑在格式字符串中使用“%I64x”
c:\users\administrator\documents\github\3d-program\tg\tetgen.cxx(27399): warning C4477: “printf”: 格式字符串“%lx”需要类型“unsigned long”的参数，但可变参数 1 拥有了类型“uintptr_t”
  c:\users\administrator\documents\github\3d-program\tg\tetgen.cxx(27399): note: 请考虑在格式字符串中使用“%llx”
  c:\users\administrator\documents\github\3d-program\tg\tetgen.cxx(27399): note: 请考虑在格式字符串中使用“%Ix”
  c:\users\administrator\documents\github\3d-program\tg\tetgen.cxx(27399): note: 请考虑在格式字符串中使用“%I64x”
c:\users\administrator\documents\github\3d-program\tg\tetgen.cxx(27402): warning C4477: “printf”: 格式字符串“%lx”需要类型“unsigned long”的参数，但可变参数 1 拥有了类型“uintptr_t”
  c:\users\administrator\documents\github\3d-program\tg\tetgen.cxx(27402): note: 请考虑在格式字符串中使用“%llx”
  c:\users\administrator\documents\github\3d-program\tg\tetgen.cxx(27402): note: 请考虑在格式字符串中使用“%Ix”
  c:\users\administrator\documents\github\3d-program\tg\tetgen.cxx(27402): note: 请考虑在格式字符串中使用“%I64x”
c:\users\administrator\documents\github\3d-program\tg\tetgen.cxx(27484): warning C4477: “printf”: 格式字符串“%lx”需要类型“unsigned long”的参数，但可变参数 1 拥有了类型“uintptr_t”
  c:\users\administrator\documents\github\3d-program\tg\tetgen.cxx(27484): note: 请考虑在格式字符串中使用“%llx”
  c:\users\administrator\documents\github\3d-program\tg\tetgen.cxx(27484): note: 请考虑在格式字符串中使用“%Ix”
  c:\users\administrator\documents\github\3d-program\tg\tetgen.cxx(27484): note: 请考虑在格式字符串中使用“%I64x”
c:\users\administrator\documents\github\3d-program\tg\tetgen.cxx(27484): warning C4477: “printf”: 格式字符串“%lx”需要类型“unsigned long”的参数，但可变参数 6 拥有了类型“uintptr_t”
  c:\users\administrator\documents\github\3d-program\tg\tetgen.cxx(27484): note: 请考虑在格式字符串中使用“%llx”
  c:\users\administrator\documents\github\3d-program\tg\tetgen.cxx(27484): note: 请考虑在格式字符串中使用“%Ix”
  c:\users\administrator\documents\github\3d-program\tg\tetgen.cxx(27484): note: 请考虑在格式字符串中使用“%I64x”
c:\users\administrator\documents\github\3d-program\tg\tetgen.cxx(27497): warning C4477: “printf”: 格式字符串“%lx”需要类型“unsigned long”的参数，但可变参数 1 拥有了类型“uintptr_t”
  c:\users\administrator\documents\github\3d-program\tg\tetgen.cxx(27497): note: 请考虑在格式字符串中使用“%llx”
  c:\users\administrator\documents\github\3d-program\tg\tetgen.cxx(27497): note: 请考虑在格式字符串中使用“%Ix”
  c:\users\administrator\documents\github\3d-program\tg\tetgen.cxx(27497): note: 请考虑在格式字符串中使用“%I64x”
c:\users\administrator\documents\github\3d-program\tg\tetgen.cxx(27502): warning C4477: “printf”: 格式字符串“%lx”需要类型“unsigned long”的参数，但可变参数 1 拥有了类型“uintptr_t”
  c:\users\administrator\documents\github\3d-program\tg\tetgen.cxx(27502): note: 请考虑在格式字符串中使用“%llx”
  c:\users\administrator\documents\github\3d-program\tg\tetgen.cxx(27502): note: 请考虑在格式字符串中使用“%Ix”
  c:\users\administrator\documents\github\3d-program\tg\tetgen.cxx(27502): note: 请考虑在格式字符串中使用“%I64x”
c:\users\administrator\documents\github\3d-program\tg\tetgen.cxx(27521): warning C4477: “printf”: 格式字符串“%lx”需要类型“unsigned long”的参数，但可变参数 1 拥有了类型“uintptr_t”
  c:\users\administrator\documents\github\3d-program\tg\tetgen.cxx(27521): note: 请考虑在格式字符串中使用“%llx”
  c:\users\administrator\documents\github\3d-program\tg\tetgen.cxx(27521): note: 请考虑在格式字符串中使用“%Ix”
  c:\users\administrator\documents\github\3d-program\tg\tetgen.cxx(27521): note: 请考虑在格式字符串中使用“%I64x”
c:\users\administrator\documents\github\3d-program\tg\tetgen.cxx(27521): warning C4477: “printf”: 格式字符串“%lx”需要类型“unsigned long”的参数，但可变参数 6 拥有了类型“uintptr_t”
  c:\users\administrator\documents\github\3d-program\tg\tetgen.cxx(27521): note: 请考虑在格式字符串中使用“%llx”
  c:\users\administrator\documents\github\3d-program\tg\tetgen.cxx(27521): note: 请考虑在格式字符串中使用“%Ix”
  c:\users\administrator\documents\github\3d-program\tg\tetgen.cxx(27521): note: 请考虑在格式字符串中使用“%I64x”
c:\users\administrator\documents\github\3d-program\tg\tetgen.cxx(27538): warning C4477: “printf”: 格式字符串“%lx”需要类型“unsigned long”的参数，但可变参数 5 拥有了类型“uintptr_t”
  c:\users\administrator\documents\github\3d-program\tg\tetgen.cxx(27538): note: 请考虑在格式字符串中使用“%llx”
  c:\users\administrator\documents\github\3d-program\tg\tetgen.cxx(27538): note: 请考虑在格式字符串中使用“%Ix”
  c:\users\administrator\documents\github\3d-program\tg\tetgen.cxx(27538): note: 请考虑在格式字符串中使用“%I64x”
c:\users\administrator\documents\github\3d-program\tg\tetgen.cxx(27547): warning C4477: “printf”: 格式字符串“%lx”需要类型“unsigned long”的参数，但可变参数 5 拥有了类型“uintptr_t”
  c:\users\administrator\documents\github\3d-program\tg\tetgen.cxx(27547): note: 请考虑在格式字符串中使用“%llx”
  c:\users\administrator\documents\github\3d-program\tg\tetgen.cxx(27547): note: 请考虑在格式字符串中使用“%Ix”
  c:\users\administrator\documents\github\3d-program\tg\tetgen.cxx(27547): note: 请考虑在格式字符串中使用“%I64x”
c:\users\administrator\documents\github\3d-program\tg\tetgen.cxx(27593): warning C4477: “printf”: 格式字符串“%lx”需要类型“unsigned long”的参数，但可变参数 5 拥有了类型“uintptr_t”
  c:\users\administrator\documents\github\3d-program\tg\tetgen.cxx(27593): note: 请考虑在格式字符串中使用“%llx”
  c:\users\administrator\documents\github\3d-program\tg\tetgen.cxx(27593): note: 请考虑在格式字符串中使用“%Ix”
  c:\users\administrator\documents\github\3d-program\tg\tetgen.cxx(27593): note: 请考虑在格式字符串中使用“%I64x”
c:\users\administrator\documents\github\3d-program\tg\tetgen.cxx(27613): warning C4477: “printf”: 格式字符串“%lx”需要类型“unsigned long”的参数，但可变参数 4 拥有了类型“uintptr_t”
  c:\users\administrator\documents\github\3d-program\tg\tetgen.cxx(27613): note: 请考虑在格式字符串中使用“%llx”
  c:\users\administrator\documents\github\3d-program\tg\tetgen.cxx(27613): note: 请考虑在格式字符串中使用“%Ix”
  c:\users\administrator\documents\github\3d-program\tg\tetgen.cxx(27613): note: 请考虑在格式字符串中使用“%I64x”
c:\users\administrator\documents\github\3d-program\tg\tetgen.cxx(28357): warning C4996: 'sprintf': This function or variable may be unsafe. Consider using sprintf_s instead. To disable deprecation, use _CRT_SECURE_NO_WARNINGS. See online help for details.
  c:\program files (x86)\windows kits\10\include\10.0.10240.0\ucrt\stdio.h(1769): note: 参见“sprintf”的声明
c:\users\administrator\documents\github\3d-program\tg\tetgen.cxx(28363): warning C4996: 'sprintf': This function or variable may be unsafe. Consider using sprintf_s instead. To disable deprecation, use _CRT_SECURE_NO_WARNINGS. See online help for details.
  c:\program files (x86)\windows kits\10\include\10.0.10240.0\ucrt\stdio.h(1769): note: 参见“sprintf”的声明
c:\users\administrator\documents\github\3d-program\tg\tetgen.cxx(28869): warning C4996: 'strcpy': This function or variable may be unsafe. Consider using strcpy_s instead. To disable deprecation, use _CRT_SECURE_NO_WARNINGS. See online help for details.
  c:\program files (x86)\windows kits\10\include\10.0.10240.0\ucrt\string.h(119): note: 参见“strcpy”的声明
c:\users\administrator\documents\github\3d-program\tg\tetgen.cxx(28870): warning C4996: 'strcat': This function or variable may be unsafe. Consider using strcat_s instead. To disable deprecation, use _CRT_SECURE_NO_WARNINGS. See online help for details.
  c:\program files (x86)\windows kits\10\include\10.0.10240.0\ucrt\string.h(90): note: 参见“strcat”的声明
c:\users\administrator\documents\github\3d-program\tg\tetgen.cxx(28889): warning C4996: 'fopen': This function or variable may be unsafe. Consider using fopen_s instead. To disable deprecation, use _CRT_SECURE_NO_WARNINGS. See online help for details.
  c:\program files (x86)\windows kits\10\include\10.0.10240.0\ucrt\stdio.h(205): note: 参见“fopen”的声明
c:\users\administrator\documents\github\3d-program\tg\tetgen.cxx(29063): warning C4996: 'strcpy': This function or variable may be unsafe. Consider using strcpy_s instead. To disable deprecation, use _CRT_SECURE_NO_WARNINGS. See online help for details.
  c:\program files (x86)\windows kits\10\include\10.0.10240.0\ucrt\string.h(119): note: 参见“strcpy”的声明
c:\users\administrator\documents\github\3d-program\tg\tetgen.cxx(29064): warning C4996: 'strcat': This function or variable may be unsafe. Consider using strcat_s instead. To disable deprecation, use _CRT_SECURE_NO_WARNINGS. See online help for details.
  c:\program files (x86)\windows kits\10\include\10.0.10240.0\ucrt\string.h(90): note: 参见“strcat”的声明
c:\users\administrator\documents\github\3d-program\tg\tetgen.cxx(29076): warning C4996: 'fopen': This function or variable may be unsafe. Consider using fopen_s instead. To disable deprecation, use _CRT_SECURE_NO_WARNINGS. See online help for details.
  c:\program files (x86)\windows kits\10\include\10.0.10240.0\ucrt\stdio.h(205): note: 参见“fopen”的声明
c:\users\administrator\documents\github\3d-program\tg\tetgen.cxx(29110): warning C4996: 'strcpy': This function or variable may be unsafe. Consider using strcpy_s instead. To disable deprecation, use _CRT_SECURE_NO_WARNINGS. See online help for details.
  c:\program files (x86)\windows kits\10\include\10.0.10240.0\ucrt\string.h(119): note: 参见“strcpy”的声明
c:\users\administrator\documents\github\3d-program\tg\tetgen.cxx(29111): warning C4996: 'strcat': This function or variable may be unsafe. Consider using strcat_s instead. To disable deprecation, use _CRT_SECURE_NO_WARNINGS. See online help for details.
  c:\program files (x86)\windows kits\10\include\10.0.10240.0\ucrt\string.h(90): note: 参见“strcat”的声明
c:\users\administrator\documents\github\3d-program\tg\tetgen.cxx(29123): warning C4996: 'fopen': This function or variable may be unsafe. Consider using fopen_s instead. To disable deprecation, use _CRT_SECURE_NO_WARNINGS. See online help for details.
  c:\program files (x86)\windows kits\10\include\10.0.10240.0\ucrt\stdio.h(205): note: 参见“fopen”的声明
c:\users\administrator\documents\github\3d-program\tg\tetgen.cxx(29200): warning C4996: 'strcpy': This function or variable may be unsafe. Consider using strcpy_s instead. To disable deprecation, use _CRT_SECURE_NO_WARNINGS. See online help for details.
  c:\program files (x86)\windows kits\10\include\10.0.10240.0\ucrt\string.h(119): note: 参见“strcpy”的声明
c:\users\administrator\documents\github\3d-program\tg\tetgen.cxx(29201): warning C4996: 'strcat': This function or variable may be unsafe. Consider using strcat_s instead. To disable deprecation, use _CRT_SECURE_NO_WARNINGS. See online help for details.
  c:\program files (x86)\windows kits\10\include\10.0.10240.0\ucrt\string.h(90): note: 参见“strcat”的声明
c:\users\administrator\documents\github\3d-program\tg\tetgen.cxx(29217): warning C4996: 'fopen': This function or variable may be unsafe. Consider using fopen_s instead. To disable deprecation, use _CRT_SECURE_NO_WARNINGS. See online help for details.
  c:\program files (x86)\windows kits\10\include\10.0.10240.0\ucrt\stdio.h(205): note: 参见“fopen”的声明
c:\users\administrator\documents\github\3d-program\tg\tetgen.cxx(29355): warning C4996: 'strcpy': This function or variable may be unsafe. Consider using strcpy_s instead. To disable deprecation, use _CRT_SECURE_NO_WARNINGS. See online help for details.
  c:\program files (x86)\windows kits\10\include\10.0.10240.0\ucrt\string.h(119): note: 参见“strcpy”的声明
c:\users\administrator\documents\github\3d-program\tg\tetgen.cxx(29356): warning C4996: 'strcat': This function or variable may be unsafe. Consider using strcat_s instead. To disable deprecation, use _CRT_SECURE_NO_WARNINGS. See online help for details.
  c:\program files (x86)\windows kits\10\include\10.0.10240.0\ucrt\string.h(90): note: 参见“strcat”的声明
c:\users\administrator\documents\github\3d-program\tg\tetgen.cxx(29371): warning C4996: 'fopen': This function or variable may be unsafe. Consider using fopen_s instead. To disable deprecation, use _CRT_SECURE_NO_WARNINGS. See online help for details.
  c:\program files (x86)\windows kits\10\include\10.0.10240.0\ucrt\stdio.h(205): note: 参见“fopen”的声明
c:\users\administrator\documents\github\3d-program\tg\tetgen.cxx(29529): warning C4996: 'strcpy': This function or variable may be unsafe. Consider using strcpy_s instead. To disable deprecation, use _CRT_SECURE_NO_WARNINGS. See online help for details.
  c:\program files (x86)\windows kits\10\include\10.0.10240.0\ucrt\string.h(119): note: 参见“strcpy”的声明
c:\users\administrator\documents\github\3d-program\tg\tetgen.cxx(29530): warning C4996: 'strcat': This function or variable may be unsafe. Consider using strcat_s instead. To disable deprecation, use _CRT_SECURE_NO_WARNINGS. See online help for details.
  c:\program files (x86)\windows kits\10\include\10.0.10240.0\ucrt\string.h(90): note: 参见“strcat”的声明
c:\users\administrator\documents\github\3d-program\tg\tetgen.cxx(29540): warning C4996: 'fopen': This function or variable may be unsafe. Consider using fopen_s instead. To disable deprecation, use _CRT_SECURE_NO_WARNINGS. See online help for details.
  c:\program files (x86)\windows kits\10\include\10.0.10240.0\ucrt\stdio.h(205): note: 参见“fopen”的声明
c:\users\administrator\documents\github\3d-program\tg\tetgen.cxx(29576): warning C4996: 'strcpy': This function or variable may be unsafe. Consider using strcpy_s instead. To disable deprecation, use _CRT_SECURE_NO_WARNINGS. See online help for details.
  c:\program files (x86)\windows kits\10\include\10.0.10240.0\ucrt\string.h(119): note: 参见“strcpy”的声明
c:\users\administrator\documents\github\3d-program\tg\tetgen.cxx(29577): warning C4996: 'strcat': This function or variable may be unsafe. Consider using strcat_s instead. To disable deprecation, use _CRT_SECURE_NO_WARNINGS. See online help for details.
  c:\program files (x86)\windows kits\10\include\10.0.10240.0\ucrt\string.h(90): note: 参见“strcat”的声明
c:\users\administrator\documents\github\3d-program\tg\tetgen.cxx(29589): warning C4996: 'fopen': This function or variable may be unsafe. Consider using fopen_s instead. To disable deprecation, use _CRT_SECURE_NO_WARNINGS. See online help for details.
  c:\program files (x86)\windows kits\10\include\10.0.10240.0\ucrt\stdio.h(205): note: 参见“fopen”的声明
c:\users\administrator\documents\github\3d-program\tg\tetgen.cxx(29680): warning C4996: 'strcpy': This function or variable may be unsafe. Consider using strcpy_s instead. To disable deprecation, use _CRT_SECURE_NO_WARNINGS. See online help for details.
  c:\program files (x86)\windows kits\10\include\10.0.10240.0\ucrt\string.h(119): note: 参见“strcpy”的声明
c:\users\administrator\documents\github\3d-program\tg\tetgen.cxx(29681): warning C4996: 'strcat': This function or variable may be unsafe. Consider using strcat_s instead. To disable deprecation, use _CRT_SECURE_NO_WARNINGS. See online help for details.
  c:\program files (x86)\windows kits\10\include\10.0.10240.0\ucrt\string.h(90): note: 参见“strcat”的声明
c:\users\administrator\documents\github\3d-program\tg\tetgen.cxx(29693): warning C4996: 'fopen': This function or variable may be unsafe. Consider using fopen_s instead. To disable deprecation, use _CRT_SECURE_NO_WARNINGS. See online help for details.
  c:\program files (x86)\windows kits\10\include\10.0.10240.0\ucrt\stdio.h(205): note: 参见“fopen”的声明
c:\users\administrator\documents\github\3d-program\tg\tetgen.cxx(29867): warning C4996: 'strcpy': This function or variable may be unsafe. Consider using strcpy_s instead. To disable deprecation, use _CRT_SECURE_NO_WARNINGS. See online help for details.
  c:\program files (x86)\windows kits\10\include\10.0.10240.0\ucrt\string.h(119): note: 参见“strcpy”的声明
c:\users\administrator\documents\github\3d-program\tg\tetgen.cxx(29868): warning C4996: 'strcat': This function or variable may be unsafe. Consider using strcat_s instead. To disable deprecation, use _CRT_SECURE_NO_WARNINGS. See online help for details.
  c:\program files (x86)\windows kits\10\include\10.0.10240.0\ucrt\string.h(90): note: 参见“strcat”的声明
c:\users\administrator\documents\github\3d-program\tg\tetgen.cxx(29895): warning C4996: 'fopen': This function or variable may be unsafe. Consider using fopen_s instead. To disable deprecation, use _CRT_SECURE_NO_WARNINGS. See online help for details.
  c:\program files (x86)\windows kits\10\include\10.0.10240.0\ucrt\stdio.h(205): note: 参见“fopen”的声明
c:\users\administrator\documents\github\3d-program\tg\tetgen.cxx(30060): warning C4996: 'strcpy': This function or variable may be unsafe. Consider using strcpy_s instead. To disable deprecation, use _CRT_SECURE_NO_WARNINGS. See online help for details.
  c:\program files (x86)\windows kits\10\include\10.0.10240.0\ucrt\string.h(119): note: 参见“strcpy”的声明
c:\users\administrator\documents\github\3d-program\tg\tetgen.cxx(30061): warning C4996: 'strcat': This function or variable may be unsafe. Consider using strcat_s instead. To disable deprecation, use _CRT_SECURE_NO_WARNINGS. See online help for details.
  c:\program files (x86)\windows kits\10\include\10.0.10240.0\ucrt\string.h(90): note: 参见“strcat”的声明
c:\users\administrator\documents\github\3d-program\tg\tetgen.cxx(30071): warning C4996: 'fopen': This function or variable may be unsafe. Consider using fopen_s instead. To disable deprecation, use _CRT_SECURE_NO_WARNINGS. See online help for details.
  c:\program files (x86)\windows kits\10\include\10.0.10240.0\ucrt\stdio.h(205): note: 参见“fopen”的声明
c:\users\administrator\documents\github\3d-program\tg\tetgen.cxx(30087): warning C4996: 'strcpy': This function or variable may be unsafe. Consider using strcpy_s instead. To disable deprecation, use _CRT_SECURE_NO_WARNINGS. See online help for details.
  c:\program files (x86)\windows kits\10\include\10.0.10240.0\ucrt\string.h(119): note: 参见“strcpy”的声明
c:\users\administrator\documents\github\3d-program\tg\tetgen.cxx(30088): warning C4996: 'strcat': This function or variable may be unsafe. Consider using strcat_s instead. To disable deprecation, use _CRT_SECURE_NO_WARNINGS. See online help for details.
  c:\program files (x86)\windows kits\10\include\10.0.10240.0\ucrt\string.h(90): note: 参见“strcat”的声明
c:\users\administrator\documents\github\3d-program\tg\tetgen.cxx(30098): warning C4996: 'fopen': This function or variable may be unsafe. Consider using fopen_s instead. To disable deprecation, use _CRT_SECURE_NO_WARNINGS. See online help for details.
  c:\program files (x86)\windows kits\10\include\10.0.10240.0\ucrt\stdio.h(205): note: 参见“fopen”的声明
c:\users\administrator\documents\github\3d-program\tg\tetgen.cxx(30145): warning C4996: 'strcpy': This function or variable may be unsafe. Consider using strcpy_s instead. To disable deprecation, use _CRT_SECURE_NO_WARNINGS. See online help for details.
  c:\program files (x86)\windows kits\10\include\10.0.10240.0\ucrt\string.h(119): note: 参见“strcpy”的声明
c:\users\administrator\documents\github\3d-program\tg\tetgen.cxx(30146): warning C4996: 'strcat': This function or variable may be unsafe. Consider using strcat_s instead. To disable deprecation, use _CRT_SECURE_NO_WARNINGS. See online help for details.
  c:\program files (x86)\windows kits\10\include\10.0.10240.0\ucrt\string.h(90): note: 参见“strcat”的声明
c:\users\administrator\documents\github\3d-program\tg\tetgen.cxx(30158): warning C4996: 'fopen': This function or variable may be unsafe. Consider using fopen_s instead. To disable deprecation, use _CRT_SECURE_NO_WARNINGS. See online help for details.
  c:\program files (x86)\windows kits\10\include\10.0.10240.0\ucrt\stdio.h(205): note: 参见“fopen”的声明
c:\users\administrator\documents\github\3d-program\tg\tetgen.cxx(30287): warning C4996: 'strcpy': This function or variable may be unsafe. Consider using strcpy_s instead. To disable deprecation, use _CRT_SECURE_NO_WARNINGS. See online help for details.
  c:\program files (x86)\windows kits\10\include\10.0.10240.0\ucrt\string.h(119): note: 参见“strcpy”的声明
c:\users\administrator\documents\github\3d-program\tg\tetgen.cxx(30288): warning C4996: 'strcat': This function or variable may be unsafe. Consider using strcat_s instead. To disable deprecation, use _CRT_SECURE_NO_WARNINGS. See online help for details.
  c:\program files (x86)\windows kits\10\include\10.0.10240.0\ucrt\string.h(90): note: 参见“strcat”的声明
c:\users\administrator\documents\github\3d-program\tg\tetgen.cxx(30302): warning C4996: 'fopen': This function or variable may be unsafe. Consider using fopen_s instead. To disable deprecation, use _CRT_SECURE_NO_WARNINGS. See online help for details.
  c:\program files (x86)\windows kits\10\include\10.0.10240.0\ucrt\stdio.h(205): note: 参见“fopen”的声明
c:\users\administrator\documents\github\3d-program\tg\tetgen.cxx(30397): warning C4996: 'strcpy': This function or variable may be unsafe. Consider using strcpy_s instead. To disable deprecation, use _CRT_SECURE_NO_WARNINGS. See online help for details.
  c:\program files (x86)\windows kits\10\include\10.0.10240.0\ucrt\string.h(119): note: 参见“strcpy”的声明
c:\users\administrator\documents\github\3d-program\tg\tetgen.cxx(30398): warning C4996: 'strcat': This function or variable may be unsafe. Consider using strcat_s instead. To disable deprecation, use _CRT_SECURE_NO_WARNINGS. See online help for details.
  c:\program files (x86)\windows kits\10\include\10.0.10240.0\ucrt\string.h(90): note: 参见“strcat”的声明
c:\users\administrator\documents\github\3d-program\tg\tetgen.cxx(30447): warning C4996: 'fopen': This function or variable may be unsafe. Consider using fopen_s instead. To disable deprecation, use _CRT_SECURE_NO_WARNINGS. See online help for details.
  c:\program files (x86)\windows kits\10\include\10.0.10240.0\ucrt\stdio.h(205): note: 参见“fopen”的声明
c:\users\administrator\documents\github\3d-program\tg\tetgen.cxx(30499): warning C4996: 'strcpy': This function or variable may be unsafe. Consider using strcpy_s instead. To disable deprecation, use _CRT_SECURE_NO_WARNINGS. See online help for details.
  c:\program files (x86)\windows kits\10\include\10.0.10240.0\ucrt\string.h(119): note: 参见“strcpy”的声明
c:\users\administrator\documents\github\3d-program\tg\tetgen.cxx(30500): warning C4996: 'strcat': This function or variable may be unsafe. Consider using strcat_s instead. To disable deprecation, use _CRT_SECURE_NO_WARNINGS. See online help for details.
  c:\program files (x86)\windows kits\10\include\10.0.10240.0\ucrt\string.h(90): note: 参见“strcat”的声明
c:\users\administrator\documents\github\3d-program\tg\tetgen.cxx(30512): warning C4996: 'fopen': This function or variable may be unsafe. Consider using fopen_s instead. To disable deprecation, use _CRT_SECURE_NO_WARNINGS. See online help for details.
  c:\program files (x86)\windows kits\10\include\10.0.10240.0\ucrt\stdio.h(205): note: 参见“fopen”的声明
c:\users\administrator\documents\github\3d-program\tg\tetgen.cxx(30601): warning C4996: 'strcpy': This function or variable may be unsafe. Consider using strcpy_s instead. To disable deprecation, use _CRT_SECURE_NO_WARNINGS. See online help for details.
  c:\program files (x86)\windows kits\10\include\10.0.10240.0\ucrt\string.h(119): note: 参见“strcpy”的声明
c:\users\administrator\documents\github\3d-program\tg\tetgen.cxx(30602): warning C4996: 'strcat': This function or variable may be unsafe. Consider using strcat_s instead. To disable deprecation, use _CRT_SECURE_NO_WARNINGS. See online help for details.
  c:\program files (x86)\windows kits\10\include\10.0.10240.0\ucrt\string.h(90): note: 参见“strcat”的声明
c:\users\administrator\documents\github\3d-program\tg\tetgen.cxx(30614): warning C4996: 'fopen': This function or variable may be unsafe. Consider using fopen_s instead. To disable deprecation, use _CRT_SECURE_NO_WARNINGS. See online help for details.
  c:\program files (x86)\windows kits\10\include\10.0.10240.0\ucrt\stdio.h(205): note: 参见“fopen”的声明
c:\users\administrator\documents\github\3d-program\tg\tetgen.cxx(30715): warning C4996: 'strcpy': This function or variable may be unsafe. Consider using strcpy_s instead. To disable deprecation, use _CRT_SECURE_NO_WARNINGS. See online help for details.
  c:\program files (x86)\windows kits\10\include\10.0.10240.0\ucrt\string.h(119): note: 参见“strcpy”的声明
c:\users\administrator\documents\github\3d-program\tg\tetgen.cxx(30716): warning C4996: 'strcat': This function or variable may be unsafe. Consider using strcat_s instead. To disable deprecation, use _CRT_SECURE_NO_WARNINGS. See online help for details.
  c:\program files (x86)\windows kits\10\include\10.0.10240.0\ucrt\string.h(90): note: 参见“strcat”的声明
c:\users\administrator\documents\github\3d-program\tg\tetgen.cxx(30728): warning C4996: 'fopen': This function or variable may be unsafe. Consider using fopen_s instead. To disable deprecation, use _CRT_SECURE_NO_WARNINGS. See online help for details.
  c:\program files (x86)\windows kits\10\include\10.0.10240.0\ucrt\stdio.h(205): note: 参见“fopen”的声明
c:\users\administrator\documents\github\3d-program\tg\tetgen.cxx(30852): warning C4996: 'strcpy': This function or variable may be unsafe. Consider using strcpy_s instead. To disable deprecation, use _CRT_SECURE_NO_WARNINGS. See online help for details.
  c:\program files (x86)\windows kits\10\include\10.0.10240.0\ucrt\string.h(119): note: 参见“strcpy”的声明
c:\users\administrator\documents\github\3d-program\tg\tetgen.cxx(30854): warning C4996: 'strcpy': This function or variable may be unsafe. Consider using strcpy_s instead. To disable deprecation, use _CRT_SECURE_NO_WARNINGS. See online help for details.
  c:\program files (x86)\windows kits\10\include\10.0.10240.0\ucrt\string.h(119): note: 参见“strcpy”的声明
c:\users\administrator\documents\github\3d-program\tg\tetgen.cxx(30856): warning C4996: 'strcpy': This function or variable may be unsafe. Consider using strcpy_s instead. To disable deprecation, use _CRT_SECURE_NO_WARNINGS. See online help for details.
  c:\program files (x86)\windows kits\10\include\10.0.10240.0\ucrt\string.h(119): note: 参见“strcpy”的声明
c:\users\administrator\documents\github\3d-program\tg\tetgen.cxx(30858): warning C4996: 'strcpy': This function or variable may be unsafe. Consider using strcpy_s instead. To disable deprecation, use _CRT_SECURE_NO_WARNINGS. See online help for details.
  c:\program files (x86)\windows kits\10\include\10.0.10240.0\ucrt\string.h(119): note: 参见“strcpy”的声明
c:\users\administrator\documents\github\3d-program\tg\tetgen.cxx(30859): warning C4996: 'strcat': This function or variable may be unsafe. Consider using strcat_s instead. To disable deprecation, use _CRT_SECURE_NO_WARNINGS. See online help for details.
  c:\program files (x86)\windows kits\10\include\10.0.10240.0\ucrt\string.h(90): note: 参见“strcat”的声明
c:\users\administrator\documents\github\3d-program\tg\tetgen.cxx(30860): warning C4996: 'strcat': This function or variable may be unsafe. Consider using strcat_s instead. To disable deprecation, use _CRT_SECURE_NO_WARNINGS. See online help for details.
  c:\program files (x86)\windows kits\10\include\10.0.10240.0\ucrt\string.h(90): note: 参见“strcat”的声明
c:\users\administrator\documents\github\3d-program\tg\tetgen.cxx(30865): warning C4996: 'fopen': This function or variable may be unsafe. Consider using fopen_s instead. To disable deprecation, use _CRT_SECURE_NO_WARNINGS. See online help for details.
  c:\program files (x86)\windows kits\10\include\10.0.10240.0\ucrt\stdio.h(205): note: 参见“fopen”的声明
c:\users\administrator\documents\github\3d-program\tg\tetgen.cxx(30955): warning C4996: 'strcpy': This function or variable may be unsafe. Consider using strcpy_s instead. To disable deprecation, use _CRT_SECURE_NO_WARNINGS. See online help for details.
  c:\program files (x86)\windows kits\10\include\10.0.10240.0\ucrt\string.h(119): note: 参见“strcpy”的声明
c:\users\administrator\documents\github\3d-program\tg\tetgen.cxx(30957): warning C4996: 'strcpy': This function or variable may be unsafe. Consider using strcpy_s instead. To disable deprecation, use _CRT_SECURE_NO_WARNINGS. See online help for details.
  c:\program files (x86)\windows kits\10\include\10.0.10240.0\ucrt\string.h(119): note: 参见“strcpy”的声明
c:\users\administrator\documents\github\3d-program\tg\tetgen.cxx(30959): warning C4996: 'strcpy': This function or variable may be unsafe. Consider using strcpy_s instead. To disable deprecation, use _CRT_SECURE_NO_WARNINGS. See online help for details.
  c:\program files (x86)\windows kits\10\include\10.0.10240.0\ucrt\string.h(119): note: 参见“strcpy”的声明
c:\users\administrator\documents\github\3d-program\tg\tetgen.cxx(30961): warning C4996: 'strcat': This function or variable may be unsafe. Consider using strcat_s instead. To disable deprecation, use _CRT_SECURE_NO_WARNINGS. See online help for details.
  c:\program files (x86)\windows kits\10\include\10.0.10240.0\ucrt\string.h(90): note: 参见“strcat”的声明
c:\users\administrator\documents\github\3d-program\tg\tetgen.cxx(30966): warning C4996: 'fopen': This function or variable may be unsafe. Consider using fopen_s instead. To disable deprecation, use _CRT_SECURE_NO_WARNINGS. See online help for details.
  c:\program files (x86)\windows kits\10\include\10.0.10240.0\ucrt\stdio.h(205): note: 参见“fopen”的声明
c:\users\administrator\documents\github\3d-program\tg\tetgen.cxx(31118): warning C4996: 'strcpy': This function or variable may be unsafe. Consider using strcpy_s instead. To disable deprecation, use _CRT_SECURE_NO_WARNINGS. See online help for details.
  c:\program files (x86)\windows kits\10\include\10.0.10240.0\ucrt\string.h(119): note: 参见“strcpy”的声明
c:\users\administrator\documents\github\3d-program\tg\tetgen.cxx(31120): warning C4996: 'strcpy': This function or variable may be unsafe. Consider using strcpy_s instead. To disable deprecation, use _CRT_SECURE_NO_WARNINGS. See online help for details.
  c:\program files (x86)\windows kits\10\include\10.0.10240.0\ucrt\string.h(119): note: 参见“strcpy”的声明
c:\users\administrator\documents\github\3d-program\tg\tetgen.cxx(31122): warning C4996: 'strcpy': This function or variable may be unsafe. Consider using strcpy_s instead. To disable deprecation, use _CRT_SECURE_NO_WARNINGS. See online help for details.
  c:\program files (x86)\windows kits\10\include\10.0.10240.0\ucrt\string.h(119): note: 参见“strcpy”的声明
c:\users\administrator\documents\github\3d-program\tg\tetgen.cxx(31124): warning C4996: 'strcat': This function or variable may be unsafe. Consider using strcat_s instead. To disable deprecation, use _CRT_SECURE_NO_WARNINGS. See online help for details.
  c:\program files (x86)\windows kits\10\include\10.0.10240.0\ucrt\string.h(90): note: 参见“strcat”的声明
c:\users\administrator\documents\github\3d-program\tg\tetgen.cxx(31129): warning C4996: 'fopen': This function or variable may be unsafe. Consider using fopen_s instead. To disable deprecation, use _CRT_SECURE_NO_WARNINGS. See online help for details.
  c:\program files (x86)\windows kits\10\include\10.0.10240.0\ucrt\stdio.h(205): note: 参见“fopen”的声明
  stdafx.cpp
  predicates.cxx
  正在生成代码...
    正在创建库 C:\Users\Administrator\Documents\GitHub\3D-Program\x64\Debug\TG.lib 和对象 C:\Users\Administrator\Documents\GitHub\3D-Program\x64\Debug\TG.exp
  TG.vcxproj -> C:\Users\Administrator\Documents\GitHub\3D-Program\x64\Debug\TG.dll
  TG.vcxproj -> C:\Users\Administrator\Documents\GitHub\3D-Program\x64\Debug\TG.pdb (Full PDB)
